<?xml version="1.0" encoding="UTF-8"?>
<!-- Generated by org.testng.reporters.JUnitXMLReporter -->
<testsuite ignored="4" hostname="LAPTOP-RTGV64HI" failures="0" tests="2" name="Test-Runner-2" time="14.701" errors="0" timestamp="2024-02-14T19:11:33 IST">
  <testcase classname="createContact_package.CreateNewContact" name="NewContactWithMandatoryFields" time="8.219"/>
  <testcase classname="createContact_package.CreateNewContactWithLeadSource" name="NewContactWithMandatoryFields" time="0.0">
    <skipped/>
  </testcase> <!-- NewContactWithMandatoryFields -->
  <testcase classname="genericUtilityorLibrary.Base_Class" name="@BeforeTest bcConfig" time="0.0">
    <ignored/>
  </testcase> <!-- @BeforeTest bcConfig -->
  <testcase classname="genericUtilityorLibrary.Base_Class" name="@BeforeSuite bsConfig" time="0.0">
    <ignored/>
  </testcase> <!-- @BeforeSuite bsConfig -->
  <testcase classname="genericUtilityorLibrary.Base_Class" name="@AfterTest acConfig" time="0.0">
    <ignored/>
  </testcase> <!-- @AfterTest acConfig -->
  <testcase classname="genericUtilityorLibrary.Base_Class" name="@AfterSuite asConfig" time="0.0">
    <ignored/>
  </testcase> <!-- @AfterSuite asConfig -->
</testsuite> <!-- Test-Runner-2 -->
