<?xml version="1.0" encoding="UTF-8"?>
<!-- Generated by org.testng.reporters.JUnitXMLReporter -->
<testsuite ignored="0" hostname="LAPTOP-RTGV64HI" failures="0" tests="1" name="Test-Chrome" time="57.704" errors="0" timestamp="2024-02-15T18:07:13 IST">
  <testcase classname="createContact_package.CreateNewContact" name="NewContactWithMandatoryFields" time="29.005"/>
</testsuite> <!-- Test-Chrome -->
