<?xml version="1.0" encoding="UTF-8"?>
<!-- Generated by org.testng.reporters.JUnitXMLReporter -->
<testsuite ignored="0" hostname="LAPTOP-RTGV64HI" failures="0" tests="1" name="Test-Firefox" time="58.585" errors="0" timestamp="2024-02-15T18:07:14 IST">
  <testcase classname="createContact_package.CreateNewContact" name="NewContactWithMandatoryFields" time="36.254"/>
</testsuite> <!-- Test-Firefox -->
